
**** Build of configuration Debug for project 3.4.2interrupt extension ****

"D:\\CCS\\ccsv5\\utils\\bin\\gmake" -k all 
'Building file: ../main.c'
'Invoking: MSP430 Compiler'
"D:/CCS/ccsv5/tools/compiler/msp430_4.2.1/bin/cl430" -vmspx --abi=eabi --include_path="D:/CCS/ccsv5/ccs_base/msp430/include" --include_path="D:/CCS/ccsv5/tools/compiler/msp430_4.2.1/include" --advice:power=all -g --define=__MSP430F6638__ --diag_warning=225 --display_error_number --diag_wrap=off --silicon_errata=CPU21 --silicon_errata=CPU22 --silicon_errata=CPU40 --printf_support=minimal --preproc_with_compile --preproc_dependency="main.pp"  "../main.c"
"../main.c", line 50: remark #1538-D: (ULP 10.1) ISR KEYCONTROL calls function lighten. Recommend moving function call away from ISR, or inlining the function, or using pragmas
"../main.c", line 56: remark #1538-D: (ULP 10.1) ISR KEYCONTROL calls function darken. Recommend moving function call away from ISR, or inlining the function, or using pragmas
'Finished building: ../main.c'
' '
'Building target: 3.4.2interrupt extension.out'
'Invoking: MSP430 Linker'
"D:/CCS/ccsv5/tools/compiler/msp430_4.2.1/bin/cl430" -vmspx --abi=eabi --advice:power=all -g --define=__MSP430F6638__ --diag_warning=225 --display_error_number --diag_wrap=off --silicon_errata=CPU21 --silicon_errata=CPU22 --silicon_errata=CPU40 --printf_support=minimal -z -m"3.4.2interrupt extension.map" --heap_size=160 --stack_size=160 --use_hw_mpy=F5 -i"D:/CCS/ccsv5/ccs_base/msp430/include" -i"D:/CCS/ccsv5/tools/compiler/msp430_4.2.1/lib" -i"D:/CCS/ccsv5/tools/compiler/msp430_4.2.1/include" -i"D:/CCS/ccsv5/ccs_base/msp430/lib" --reread_libs --warn_sections --display_error_number --diag_wrap=off --xml_link_info="3.4.2interrupt extension_linkInfo.xml" --rom_model -o "3.4.2interrupt extension.out"  "./main.obj" "../lnk_msp430f6638.cmd" -l"libmath.a" -l"libc.a" 
<Linking>
remark #10372-D: (ULP 4.1) Detected uninitialized Port A in this project. Recommend initializing all unused ports to eliminate wasted current consumption on unused pins.
remark #10372-D: (ULP 4.1) Detected uninitialized Port B in this project. Recommend initializing all unused ports to eliminate wasted current consumption on unused pins.
remark #10372-D: (ULP 4.1) Detected uninitialized Port C in this project. Recommend initializing all unused ports to eliminate wasted current consumption on unused pins.
remark #10372-D: (ULP 4.1) Detected uninitialized Port D in this project. Recommend initializing all unused ports to eliminate wasted current consumption on unused pins.
remark #10372-D: (ULP 4.1) Detected uninitialized Port E in this project. Recommend initializing all unused ports to eliminate wasted current consumption on unused pins.
'Finished building target: 3.4.2interrupt extension.out'
' '

**** Build Finished ****
