
**** Build of configuration Debug for project ACLK_timer_flowing leds ****

"D:\\CCS\\ccsv5\\utils\\bin\\gmake" -k all 
'Building target: ACLK_timer_flowing leds.out'
'Invoking: MSP430 Linker'
"D:/CCS/ccsv5/tools/compiler/msp430_4.2.1/bin/cl430" -vmspx --abi=eabi --advice:power=all -g --define=__MSP430F6638__ --diag_warning=225 --display_error_number --diag_wrap=off --silicon_errata=CPU21 --silicon_errata=CPU22 --silicon_errata=CPU40 --printf_support=minimal -z -m"ACLK_timer_flowing leds.map" --heap_size=160 --stack_size=160 --use_hw_mpy=F5 -i"D:/CCS/ccsv5/ccs_base/msp430/include" -i"D:/CCS/ccsv5/tools/compiler/msp430_4.2.1/lib" -i"D:/CCS/ccsv5/tools/compiler/msp430_4.2.1/include" -i"D:/CCS/ccsv5/ccs_base/msp430/lib" --reread_libs --warn_sections --display_error_number --diag_wrap=off --xml_link_info="ACLK_timer_flowing leds_linkInfo.xml" --rom_model -o "ACLK_timer_flowing leds.out"  "./main.obj" "../lnk_msp430f6638.cmd" "../rts430x_lc_sd_eabi.lib" -l"libmath.a" -l"libc.a" 
<Linking>
remark #10372-D: (ULP 4.1) Detected uninitialized Port A in this project. Recommend initializing all unused ports to eliminate wasted current consumption on unused pins.
remark #10372-D: (ULP 4.1) Detected uninitialized Port B in this project. Recommend initializing all unused ports to eliminate wasted current consumption on unused pins.

remark #10372-D: (ULP 4.1) Detected uninitialized Port C in this project. Recommend initializing all unused ports to eliminate wasted current consumption on unused pins.
remark #10372-D: (ULP 4.1) Detected uninitialized Port D in this project. Recommend initializing all unused ports to eliminate wasted current consumption on unused pins.
remark #10372-D: (ULP 4.1) Detected uninitialized Port E in this project. Recommend initializing all unused ports to eliminate wasted current consumption on unused pins.
 undefined first referenced                   
  symbol       in file                        
 --------- ----------------                   

>> Compilation failure
 main      ../rts430x_lc_sd_eabi.lib<boot.obj>

error #10234-D: unresolved symbols remain
error #10010: errors encountered during linking; "ACLK_timer_flowing leds.out" not built
gmake: *** [ACLK_timer_flowing leds.out] Error 1
gmake: Target `all' not remade because of errors.

**** Build Finished ****
