
**** Build of configuration Debug for project timer2 ****

"D:\\CCS\\ccsv5\\utils\\bin\\gmake" -k all 
'Building file: ../main.c'
'Invoking: MSP430 Compiler'
"D:/CCS/ccsv5/tools/compiler/msp430_4.2.1/bin/cl430" -vmspx --abi=eabi --include_path="D:/CCS/ccsv5/ccs_base/msp430/include" --include_path="D:/CCS/ccsv5/tools/compiler/msp430_4.2.1/include" --advice:power=all -g --define=__MSP430F6638__ --diag_warning=225 --display_error_number --diag_wrap=off --silicon_errata=CPU21 --silicon_errata=CPU22 --silicon_errata=CPU40 --printf_support=minimal --preproc_with_compile --preproc_dependency="main.pp"  "../main.c"
"../main.c", line 12: remark #1544-D: (ULP 13.1) Detected loop counting up. Recommend loops count down as detecting zeros is easier
"../main.c", line 12: remark #1527-D: (ULP 2.1) Detected SW delay loop using empty loop. Recommend using a timer module instead
'Finished building: ../main.c'
' '
'Building target: timer2.out'
'Invoking: MSP430 Linker'
"D:/CCS/ccsv5/tools/compiler/msp430_4.2.1/bin/cl430" -vmspx --abi=eabi --advice:power=all -g --define=__MSP430F6638__ --diag_warning=225 --display_error_number --diag_wrap=off --silicon_errata=CPU21 --silicon_errata=CPU22 --silicon_errata=CPU40 --printf_support=minimal -z -m"timer2.map" --heap_size=160 --stack_size=160 --use_hw_mpy=F5 -i"D:/CCS/ccsv5/ccs_base/msp430/include" -i"D:/CCS/ccsv5/tools/compiler/msp430_4.2.1/lib" -i"D:/CCS/ccsv5/tools/compiler/msp430_4.2.1/include" -i"D:/CCS/ccsv5/ccs_base/msp430/lib" --reread_libs --warn_sections --display_error_number --diag_wrap=off --xml_link_info="timer2_linkInfo.xml" --rom_model -o "timer2.out"  "./main.obj" "../lnk_msp430f6638.cmd" -l"libmath.a" -l"libc.a" 
<Linking>
remark #10371-D: (ULP 1.1) Detected no uses of low power mode state changes using LPMx or _bis_SR_register() or __low_power_mode_x() in this project.

remark #10372-D: (ULP 4.1) Detected uninitialized Port A in this project. Recommend initializing all unused ports to eliminate wasted current consumption on unused pins.
remark #10372-D: (ULP 4.1) Detected uninitialized Port B in this project. Recommend initializing all unused ports to eliminate wasted current consumption on unused pins.
remark #10372-D: (ULP 4.1) Detected uninitialized Port C in this project. Recommend initializing all unused ports to eliminate wasted current consumption on unused pins.
 undefined first referenced                                                             
remark #10372-D: (ULP 4.1) Detected uninitialized Port D in this project. Recommend initializing all unused ports to eliminate wasted current consumption on unused pins.
  symbol       in file                                                                  
 --------- ----------------                                                             
remark #10372-D: (ULP 4.1) Detected uninitialized Port E in this project. Recommend initializing all unused ports to eliminate wasted current consumption on unused pins.
 main      D:\CCS\ccsv5\tools\compiler\msp430_4.2.1\lib\rts430x_lc_sd_eabi.lib<boot.obj>

error #10234-D: unresolved symbols remain
error #10010: errors encountered during linking; "timer2.out" not built

>> Compilation failure
gmake: *** [timer2.out] Error 1
gmake: Target `all' not remade because of errors.

**** Build Finished ****
